<?xml version="1.0" encoding="UTF-8"?>
<!-- Generated by org.testng.reporters.JUnitReportReporter -->
<testsuite skipped="0" hostname="LAPTOP-INV4FEQ8" name="testng_basics.FirstCode" tests="1" failures="0" timestamp="2022-05-26T20:34:24 EDT" time="7.366" errors="0">
  <testcase name="init" time="7.366" classname="testng_basics.FirstCode"/>
  <system-out/>
</testsuite> <!-- testng_basics.FirstCode -->
