<?xml version="1.0" encoding="UTF-8"?>
<!-- Generated by org.testng.reporters.JUnitReportReporter -->
<testsuite skipped="0" hostname="LAPTOP-INV4FEQ8" name="testng_basics.Rediff_Code" tests="3" failures="0" timestamp="2022-05-26T20:34:24 EDT" time="5.827" errors="0">
  <testcase name="initializeWebDriver" time="1.356" classname="testng_basics.Rediff_Code"/>
  <system-out/>
  <testcase name="launchRediff" time="4.390" classname="testng_basics.Rediff_Code"/>
  <system-out/>
  <testcase name="tierDown" time="0.081" classname="testng_basics.Rediff_Code"/>
  <system-out/>
</testsuite> <!-- testng_basics.Rediff_Code -->
