<?xml version="1.0" encoding="UTF-8"?>
<!-- Generated by org.testng.reporters.JUnitReportReporter -->
<testsuite skipped="0" hostname="LAPTOP-INV4FEQ8" name="testng_basics.Special_TestNG" tests="3" failures="0" timestamp="2022-05-26T20:34:24 EDT" time="0.008" errors="0">
  <testcase name="test2" time="0.003" classname="testng_basics.Special_TestNG"/>
  <system-out/>
  <testcase name="test3" time="0.002" classname="testng_basics.Special_TestNG"/>
  <system-out/>
  <testcase name="test1" time="0.003" classname="testng_basics.Special_TestNG"/>
  <system-out/>
</testsuite> <!-- testng_basics.Special_TestNG -->
