<?xml version="1.0" encoding="UTF-8"?>
<!-- Generated by org.testng.reporters.JUnitReportReporter -->
<testsuite skipped="0" hostname="LAPTOP-INV4FEQ8" name="testnxml_understanding.ParallelPart2" tests="9" failures="0" timestamp="2022-05-26T21:13:15 EDT" time="204.153" errors="0">
  <testcase name="testcase1" time="12.378" classname="testnxml_understanding.ParallelPart2"/>
  <system-out/>
  <testcase name="testcase2" time="5.950" classname="testnxml_understanding.ParallelPart2"/>
  <system-out/>
  <testcase name="testcase3" time="31.581" classname="testnxml_understanding.ParallelPart2"/>
  <system-out/>
  <testcase name="testcase1" time="11.555" classname="testnxml_understanding.ParallelPart2"/>
  <system-out/>
  <testcase name="testcase2" time="6.254" classname="testnxml_understanding.ParallelPart2"/>
  <system-out/>
  <testcase name="testcase3" time="78.746" classname="testnxml_understanding.ParallelPart2"/>
  <system-out/>
  <testcase name="testcase3" time="30.206" classname="testnxml_understanding.ParallelPart2"/>
  <system-out/>
  <testcase name="testcase1" time="21.534" classname="testnxml_understanding.ParallelPart2"/>
  <system-out/>
  <testcase name="testcase2" time="5.949" classname="testnxml_understanding.ParallelPart2"/>
  <system-out/>
</testsuite> <!-- testnxml_understanding.ParallelPart2 -->
