<?xml version="1.0" encoding="UTF-8"?>
<!-- Generated by org.testng.reporters.JUnitReportReporter -->
<testsuite skipped="0" hostname="LAPTOP-INV4FEQ8" name="testngxml_understanding.Base" tests="1" failures="0" timestamp="2022-05-15T21:10:37 EDT" time="5.781" errors="0">
  <testcase name="initialize" time="5.781" classname="testngxml_understanding.Base"/>
  <system-out/>
</testsuite> <!-- testngxml_understanding.Base -->
