<?xml version="1.0" encoding="UTF-8"?>
<!-- Generated by org.testng.reporters.JUnitReportReporter -->
<testsuite skipped="0" hostname="LAPTOP-INV4FEQ8" name="testng_basics.Assertion_Concept" tests="4" failures="0" timestamp="2022-05-26T20:34:24 EDT" time="0.010" errors="0">
  <testcase name="b" time="0.002" classname="testng_basics.Assertion_Concept"/>
  <system-out/>
  <testcase name="a" time="0.006" classname="testng_basics.Assertion_Concept"/>
  <system-out/>
  <testcase name="c" time="0.001" classname="testng_basics.Assertion_Concept"/>
  <system-out/>
  <testcase name="d" time="0.001" classname="testng_basics.Assertion_Concept"/>
  <system-out/>
</testsuite> <!-- testng_basics.Assertion_Concept -->
