<?xml version="1.0" encoding="UTF-8"?>
<!-- Generated by org.testng.reporters.JUnitReportReporter -->
<testsuite skipped="0" hostname="LAPTOP-INV4FEQ8" name="testnxml_understanding.ParallelPart1" tests="9" failures="0" timestamp="2022-05-26T21:09:08 EDT" time="96.782" errors="0">
  <testcase name="testcase1" time="10.055" classname="testnxml_understanding.ParallelPart1"/>
  <system-out/>
  <testcase name="testcase1" time="10.341" classname="testnxml_understanding.ParallelPart1"/>
  <system-out/>
  <testcase name="testcase2" time="11.451" classname="testnxml_understanding.ParallelPart1"/>
  <system-out/>
  <testcase name="testcase3" time="12.042" classname="testnxml_understanding.ParallelPart1"/>
  <system-out/>
  <testcase name="testcase2" time="9.953" classname="testnxml_understanding.ParallelPart1"/>
  <system-out/>
  <testcase name="testcase3" time="11.832" classname="testnxml_understanding.ParallelPart1"/>
  <system-out/>
  <testcase name="testcase2" time="9.723" classname="testnxml_understanding.ParallelPart1"/>
  <system-out/>
  <testcase name="testcase1" time="9.937" classname="testnxml_understanding.ParallelPart1"/>
  <system-out/>
  <testcase name="testcase3" time="11.448" classname="testnxml_understanding.ParallelPart1"/>
  <system-out/>
</testsuite> <!-- testnxml_understanding.ParallelPart1 -->
