<?xml version="1.0" encoding="UTF-8"?>
<!-- Generated by org.testng.reporters.JUnitReportReporter -->
<testsuite hostname="LAPTOP-INV4FEQ8" failures="0" tests="12" name="testng_basics.Multiple_TestCases_Class" time="0.027" errors="0" timestamp="2022-05-05T23:54:42 GMT-04:00" skipped="0">
  <testcase classname="testng_basics.Multiple_TestCases_Class" name="launchUrl" time="0.002"/>
  <system-out/>
  <testcase classname="testng_basics.Multiple_TestCases_Class" name="launchUrl" time="0.002"/>
  <system-out/>
  <testcase classname="testng_basics.Multiple_TestCases_Class" name="launchUrl" time="0.002"/>
  <system-out/>
  <testcase classname="testng_basics.Multiple_TestCases_Class" name="logOut" time="0.001"/>
  <system-out/>
  <testcase classname="testng_basics.Multiple_TestCases_Class" name="enterCredentials" time="0.010"/>
  <system-out/>
  <testcase classname="testng_basics.Multiple_TestCases_Class" name="enterCredentials" time="0.002"/>
  <system-out/>
  <testcase classname="testng_basics.Multiple_TestCases_Class" name="enterCredentials" time="0.002"/>
  <system-out/>
  <testcase classname="testng_basics.Multiple_TestCases_Class" name="validateLoginHomePage" time="0.001"/>
  <system-out/>
  <testcase classname="testng_basics.Multiple_TestCases_Class" name="logOut" time="0.001"/>
  <system-out/>
  <testcase classname="testng_basics.Multiple_TestCases_Class" name="logOut" time="0.001"/>
  <system-out/>
  <testcase classname="testng_basics.Multiple_TestCases_Class" name="validateLoginHomePage" time="0.002"/>
  <system-out/>
  <testcase classname="testng_basics.Multiple_TestCases_Class" name="validateLoginHomePage" time="0.001"/>
  <system-out/>
</testsuite> <!-- testng_basics.Multiple_TestCases_Class -->
