<?xml version="1.0" encoding="UTF-8"?>
<!-- Generated by org.testng.reporters.JUnitReportReporter -->
<testsuite skipped="1" hostname="LAPTOP-INV4FEQ8" name="testng_basics.Rediff_TestNG_WithValidation" tests="3" failures="0" timestamp="2022-05-26T20:34:24 EDT" time="4.789" errors="0">
  <testcase name="validateLandingPage" time="0.026" classname="testng_basics.Rediff_TestNG_WithValidation"/>
  <system-out/>
  <testcase name="validateSignInLink" time="4.763" classname="testng_basics.Rediff_TestNG_WithValidation"/>
  <system-out/>
  <testcase name="validateLoginPage" classname="testng_basics.Rediff_TestNG_WithValidation">
    <skipped/>
  </testcase> <!-- validateLoginPage -->
  <system-out/>
</testsuite> <!-- testng_basics.Rediff_TestNG_WithValidation -->
