<?xml version="1.0" encoding="UTF-8"?>
<!-- Generated by org.testng.reporters.JUnitReportReporter -->
<testsuite skipped="0" hostname="LAPTOP-INV4FEQ8" name="testnxml_understanding.Rediff_TestNG" tests="2" failures="0" timestamp="2022-05-26T20:53:37 EDT" time="13.591" errors="0">
  <testcase name="tearDown" time="0.762" classname="testnxml_understanding.Rediff_TestNG"/>
  <system-out/>
  <testcase name="launchRediff" time="12.829" classname="testnxml_understanding.Rediff_TestNG"/>
  <system-out/>
</testsuite> <!-- testnxml_understanding.Rediff_TestNG -->
