<?xml version="1.0" encoding="UTF-8"?>
<!-- Generated by org.testng.reporters.JUnitReportReporter -->
<testsuite skipped="0" hostname="LAPTOP-INV4FEQ8" name="testng_basics.Concepts_DataProvider" tests="3" failures="0" timestamp="2022-05-26T20:34:24 EDT" time="0.004" errors="0">
  <testcase name="RegisterNewUser" time="0.002" classname="testng_basics.Concepts_DataProvider"/>
  <system-out/>
  <testcase name="RegisterNewUser" time="0.001" classname="testng_basics.Concepts_DataProvider"/>
  <system-out/>
  <testcase name="RegisterNewUser" time="0.001" classname="testng_basics.Concepts_DataProvider"/>
  <system-out/>
</testsuite> <!-- testng_basics.Concepts_DataProvider -->
