<?xml version="1.0" encoding="UTF-8"?>
<!-- Generated by org.testng.reporters.JUnitReportReporter -->
<testsuite skipped="0" hostname="LAPTOP-INV4FEQ8" name="testnxml_understanding.Create_TestnNGXML_File" tests="4" failures="0" timestamp="2022-05-26T20:24:42 EDT" time="0.020" errors="0">
  <testcase name="case3" time="0.002" classname="testnxml_understanding.Create_TestnNGXML_File"/>
  <system-out/>
  <testcase name="case1" time="0.013" classname="testnxml_understanding.Create_TestnNGXML_File"/>
  <system-out/>
  <testcase name="case4" time="0.003" classname="testnxml_understanding.Create_TestnNGXML_File"/>
  <system-out/>
  <testcase name="case2" time="0.002" classname="testnxml_understanding.Create_TestnNGXML_File"/>
  <system-out/>
</testsuite> <!-- testnxml_understanding.Create_TestnNGXML_File -->
