<?xml version="1.0" encoding="UTF-8"?>
<!-- Generated by org.testng.reporters.JUnitReportReporter -->
<testsuite skipped="0" hostname="LAPTOP-INV4FEQ8" name="testng_basics.ITestContext_Concepts" tests="3" failures="0" timestamp="2022-05-26T20:34:24 EDT" time="0.003" errors="0">
  <testcase name="exit" time="0.002" classname="testng_basics.ITestContext_Concepts"/>
  <system-out/>
  <testcase name="loginCred" time="0.001" classname="testng_basics.ITestContext_Concepts"/>
  <system-out/>
  <testcase name="init" time="0.000" classname="testng_basics.ITestContext_Concepts"/>
  <system-out/>
</testsuite> <!-- testng_basics.ITestContext_Concepts -->
