<?xml version="1.0" encoding="UTF-8"?>
<!-- Generated by org.testng.reporters.JUnitReportReporter -->
<testsuite skipped="0" hostname="LAPTOP-INV4FEQ8" name="testngxml_understanding.SignInLink" tests="2" failures="0" timestamp="2022-05-15T21:10:37 EDT" time="7.746" errors="0">
  <testcase name="clickOnSignInLink" time="1.899" classname="testngxml_understanding.SignInLink"/>
  <system-out/>
  <testcase name="initialize" time="5.847" classname="testngxml_understanding.SignInLink"/>
  <system-out/>
</testsuite> <!-- testngxml_understanding.SignInLink -->
