<?xml version="1.0" encoding="UTF-8"?>
<!-- Generated by org.testng.reporters.JUnitReportReporter -->
<testsuite skipped="0" hostname="LAPTOP-INV4FEQ8" name="testng_parallel.Part1" tests="9" failures="0" timestamp="2022-05-26T15:11:34 EDT" time="109.048" errors="0">
  <testcase name="test1" time="5.066" classname="testng_parallel.Part1"/>
  <system-out/>
  <testcase name="test1" time="4.537" classname="testng_parallel.Part1"/>
  <system-out/>
  <testcase name="test3" time="24.724" classname="testng_parallel.Part1"/>
  <system-out/>
  <testcase name="test3" time="9.714" classname="testng_parallel.Part1"/>
  <system-out/>
  <testcase name="test2" time="24.141" classname="testng_parallel.Part1"/>
  <system-out/>
  <testcase name="test1" time="7.588" classname="testng_parallel.Part1"/>
  <system-out/>
  <testcase name="test3" time="11.049" classname="testng_parallel.Part1"/>
  <system-out/>
  <testcase name="test2" time="15.094" classname="testng_parallel.Part1"/>
  <system-out/>
  <testcase name="test2" time="7.135" classname="testng_parallel.Part1"/>
  <system-out/>
</testsuite> <!-- testng_parallel.Part1 -->
