<?xml version="1.0" encoding="UTF-8"?>
<!-- Generated by org.testng.reporters.JUnitReportReporter -->
<testsuite skipped="0" hostname="LAPTOP-INV4FEQ8" name="testng_basics.Rediff_TestNG" tests="1" failures="0" timestamp="2022-05-26T14:10:52 EDT" time="10.831" errors="0">
  <testcase name="rediffLogin" time="10.831" classname="testng_basics.Rediff_TestNG"/>
  <system-out/>
</testsuite> <!-- testng_basics.Rediff_TestNG -->
